<?xml version="1.0" encoding="UTF-8"?>
<testsuite xmlns:xsi="http://www.w3.org/2001/XMLSchema-instance" xsi:noNamespaceSchemaLocation="https://maven.apache.org/surefire/maven-surefire-plugin/xsd/surefire-test-report-3.0.xsd" version="3.0" name="examples.ExamplesTest" time="4.964" tests="1" errors="0" skipped="0" failures="0">
  <properties>
[...]
</properties>
  <testcase name="testParallel" classname="examples.ExamplesTest" time="4.936">
    <system-out><![CDATA[23:25:28.007 [main] DEBUG com.intuit.karate.Suite - [config] classpath:karate-config.js
23:25:28.019 [main] INFO  com.intuit.karate.Suite - backed up existing 'target\karate-reports' dir to: target\karate-reports_1749788728013
23:25:28.027 [main] DEBUG com.intuit.karate.Suite - waiting for 6 features to complete
23:25:29.312 [pool-2-thread-5] INFO  com.intuit.karate - karate.env system property was: null 
23:25:29.312 [pool-2-thread-3] INFO  com.intuit.karate - karate.env system property was: null 
23:25:29.312 [pool-2-thread-1] INFO  com.intuit.karate - karate.env system property was: null 
23:25:29.312 [pool-2-thread-2] INFO  com.intuit.karate - karate.env system property was: null 
23:25:29.312 [pool-2-thread-4] INFO  com.intuit.karate - karate.env system property was: null 
23:25:29.786 [pool-2-thread-3] DEBUG com.intuit.karate - request:
1 > GET https://serverest.dev/usuarios
1 > Host: serverest.dev
1 > Connection: Keep-Alive
1 > User-Agent: Apache-HttpClient/4.5.14 (Java/17.0.14)
1 > Accept-Encoding: gzip,deflate


23:25:29.786 [pool-2-thread-1] DEBUG com.intuit.karate - request:
1 > DELETE https://serverest.dev/usuarios/60vBUu58EGSjjQ3w
1 > Host: serverest.dev
1 > Connection: Keep-Alive
1 > User-Agent: Apache-HttpClient/4.5.14 (Java/17.0.14)
1 > Accept-Encoding: gzip,deflate


23:25:29.786 [pool-2-thread-2] DEBUG com.intuit.karate - request:
1 > GET https://serverest.dev/usuarios/0uxuPY0cbmQhpEz1
1 > Host: serverest.dev
1 > Connection: Keep-Alive
1 > User-Agent: Apache-HttpClient/4.5.14 (Java/17.0.14)
1 > Accept-Encoding: gzip,deflate


23:25:29.815 [pool-2-thread-5] DEBUG com.intuit.karate - request:
1 > POST https://serverest.dev/usuarios
1 > Content-Type: application/json; charset=UTF-8
1 > Content-Length: 99
1 > Host: serverest.dev
1 > Connection: Keep-Alive
1 > User-Agent: Apache-HttpClient/4.5.14 (Java/17.0.14)
1 > Accept-Encoding: gzip,deflate
{"nome":"Duplicado","email":"beltrano100173@qa.com.br","password":"test123","administrador":"true"}

23:25:29.815 [pool-2-thread-4] DEBUG com.intuit.karate - request:
1 > POST https://serverest.dev/usuarios
1 > Content-Type: application/json; charset=UTF-8
1 > Content-Length: 96
1 > Host: serverest.dev
1 > Connection: Keep-Alive
1 > User-Agent: Apache-HttpClient/4.5.14 (Java/17.0.14)
1 > Accept-Encoding: gzip,deflate
{"nome":"Fulano da Silva","email":"ffsilvas@qa.com.br","password":"test","administrador":"true"}

23:25:30.461 [pool-2-thread-1] DEBUG com.intuit.karate - response time in milliseconds: 670
1 < 200
1 < access-control-allow-origin: *
1 < x-dns-prefetch-control: off
1 < x-frame-options: SAMEORIGIN
1 < strict-transport-security: max-age=15552000; includeSubDomains
1 < x-download-options: noopen
1 < x-content-type-options: nosniff
1 < x-xss-protection: 1; mode=block
1 < content-type: application/json; charset=utf-8
1 < x-cloud-trace-context: a19791e4e4f1135c41506acaefdbe25b;o=1
1 < date: Fri, 13 Jun 2025 04:25:30 GMT
1 < server: Google Frontend
1 < Content-Length: 51
{
    "message": "Registro excluído com sucesso"
}

23:25:30.461 [pool-2-thread-2] DEBUG com.intuit.karate - response time in milliseconds: 669
1 < 200
1 < access-control-allow-origin: *
1 < x-dns-prefetch-control: off
1 < x-frame-options: SAMEORIGIN
1 < strict-transport-security: max-age=15552000; includeSubDomains
1 < x-download-options: noopen
1 < x-content-type-options: nosniff
1 < x-xss-protection: 1; mode=block
1 < content-type: application/json; charset=utf-8
1 < x-cloud-trace-context: fe763b15243f8ae459524a521d1d45c3
1 < date: Fri, 13 Jun 2025 04:25:30 GMT
1 < server: Google Frontend
1 < Content-Length: 166
{
    "nome": "Mandy Roberts",
    "email": "Terence_Heathcote@yahoo.com",
    "password": "prueba12345",
    "administrador": "true",
    "_id": "0uxuPY0cbmQhpEz1"
}

23:25:30.461 [pool-2-thread-4] DEBUG com.intuit.karate - response time in milliseconds: 642
1 < 201
1 < access-control-allow-origin: *
1 < x-dns-prefetch-control: off
1 < x-frame-options: SAMEORIGIN
1 < strict-transport-security: max-age=15552000; includeSubDomains
1 < x-download-options: noopen
1 < x-content-type-options: nosniff
1 < x-xss-protection: 1; mode=block
1 < content-type: application/json; charset=utf-8
1 < x-cloud-trace-context: 15bf9355c8c1ab4054ccbb50df6d90cd
1 < date: Fri, 13 Jun 2025 04:25:30 GMT
1 < server: Google Frontend
1 < Content-Length: 82
{
    "message": "Cadastro realizado com sucesso",
    "_id": "80DpTnJ7x0v0Ewri"
}

23:25:30.461 [pool-2-thread-5] DEBUG com.intuit.karate - response time in milliseconds: 641
1 < 400
1 < access-control-allow-origin: *
1 < x-dns-prefetch-control: off
1 < x-frame-options: SAMEORIGIN
1 < strict-transport-security: max-age=15552000; includeSubDomains
1 < x-download-options: noopen
1 < x-content-type-options: nosniff
1 < x-xss-protection: 1; mode=block
1 < content-type: application/json; charset=utf-8
1 < x-cloud-trace-context: feb3bc59bc0145a32d3998fed5a4535a
1 < date: Fri, 13 Jun 2025 04:25:30 GMT
1 < server: Google Frontend
1 < Content-Length: 53
{
    "message": "Este email já está sendo usado"
}

23:25:30.467 [pool-2-thread-4] INFO  com.intuit.karate - [print] created id is:  80DpTnJ7x0v0Ewri 
23:25:30.470 [pool-2-thread-4] DEBUG com.intuit.karate - request:
2 > GET https://serverest.dev/usuarios/80DpTnJ7x0v0Ewri
2 > Host: serverest.dev
2 > Connection: Keep-Alive
2 > User-Agent: Apache-HttpClient/4.5.14 (Java/17.0.14)
2 > Accept-Encoding: gzip,deflate


23:25:30.471 [pool-2-thread-2] INFO  com.intuit.karate - karate.env system property was: null 
23:25:30.471 [pool-2-thread-1] INFO  com.intuit.karate - karate.env system property was: null 
23:25:30.475 [pool-2-thread-2] DEBUG com.intuit.karate - request:
1 > GET https://jsonplaceholder.typicode.com/users
1 > Host: jsonplaceholder.typicode.com
1 > Connection: Keep-Alive
1 > User-Agent: Apache-HttpClient/4.5.14 (Java/17.0.14)
1 > Accept-Encoding: gzip,deflate


23:25:30.477 [pool-2-thread-1] DEBUG com.intuit.karate - request:
1 > PUT https://serverest.dev/usuarios/0uxuPY0cbmQhpEz1
1 > Content-Type: application/json; charset=UTF-8
1 > Content-Length: 110
1 > Host: serverest.dev
1 > Connection: Keep-Alive
1 > User-Agent: Apache-HttpClient/4.5.14 (Java/17.0.14)
1 > Accept-Encoding: gzip,deflate
{"nome":"Mandy Roberts","email":"Terence_Heathcote@yahoo.com","password":"prueba12345","administrador":"true"}

23:25:30.499 [pool-2-thread-5] INFO  com.intuit.karate - karate.env system property was: null 
23:25:30.508 [pool-2-thread-5] DEBUG com.intuit.karate - request:
1 > POST https://jsonplaceholder.typicode.com/users
1 > Content-Type: application/json; charset=UTF-8
1 > Content-Length: 160
1 > Host: jsonplaceholder.typicode.com
1 > Connection: Keep-Alive
1 > User-Agent: Apache-HttpClient/4.5.14 (Java/17.0.14)
1 > Accept-Encoding: gzip,deflate
{"name":"Test User","username":"testuser","email":"test@user.com","address":{"street":"Has No Name","suite":"Apt. 123","city":"Electri","zipcode":"54321-6789"}}

23:25:30.637 [pool-2-thread-3] DEBUG com.intuit.karate - response time in milliseconds: 850
1 < 200
1 < access-control-allow-origin: *
1 < x-dns-prefetch-control: off
1 < x-frame-options: SAMEORIGIN
1 < strict-transport-security: max-age=15552000; includeSubDomains
1 < x-download-options: noopen
1 < x-content-type-options: nosniff
1 < x-xss-protection: 1; mode=block
1 < content-type: application/json; charset=utf-8
1 < x-cloud-trace-context: 0292279d5e48aa092b39a0b45341174a
1 < date: Fri, 13 Jun 2025 04:25:30 GMT
1 < server: Google Frontend
1 < Content-Length: 33684
{
    "quantidade": 153,
    "usuarios": [
        {
            "nome": "Mandy Roberts",
            "email": "Terence_Heathcote@yahoo.com",
            "password": "prueba12345",
            "administrador": "true",
            "_id": "0uxuPY0cbmQhpEz1"
        },
        {
            "nome": "Fulano da Silva5",
            "email": "beltrano100173@qa.com.br",
            "password": "teste",
            "administrador": "true",
            "_id": "1plbrUIvFtqBvi0v"
        },
        {
            "nome": "Fulano da Silva6",
            "email": "beltrano100163@qa.com.br",
            "password": "teste",
            "administrador": "true",
            "_id": "3P8q2XnEK2VT1YBe"
        },
        {
            "nome": "LumeTest",
            "email": "jubileu10@qa.com.br",
            "password": "12345678",
            "administrador": "true",
            "_id": "3Tk5EBBAtikYRY63"
        },
        {
            "nome": "Randolph Steuber",
            "email": "Rachelle.Nolan45@gmail.com",
            "password": "T7E284pp3MLWyyv",
            "administrador": "false",
            "_id": "3iXQ2eQGtAiiXe4B"
        },
        {
            "nome": "Dianne Bartell",
            "email": "Arch20@hotmail.com",
            "password": "Ry7LM8f8s3gQNsQ",
            "administrador": "true",
            "_id": "3nnaJGj1rRk9aZ88"
        },
        {
            "nome": "Fulano da Silva5",
            "email": "beltrano100130@qa.com.br",
            "password": "teste",
            "administrador": "true",
            "_id": "4P6iihWeIIXSzXSD"
        },
        {
            "nome": "Fulano da Silva6",
            "email": "beltrano100108@qa.com.br",
            "password": "teste",
            "administrador": "true",
            "_id": "5hPXaF6gBdE7WNdR"
        },
        {
            "nome": "Fulano da Silva6",
            "email": "beltrano100129@qa.com.br",
            "password": "teste",
            "administrador": "true",
            "_id": "6Cunhx8KslzwYUv8"
        },
        {
            "nome": "Fulano da Silva6",
            "email": "beltrano100176@qa.com.br",
            "password": "teste",
            "administrador": "true",
            "_id": "7CmkDPj2G6mW77ZU"
        },
        {
            "nome": "Myra Boyle",
            "email": "Efren_Reichert80@hotmail.com",
            "password": "4zw9EdWCKjIro8M",
            "administrador": "false",
            "_id": "7RPXbQZCOZupaUz2"
        },
        {
            "nome": "Brandi Yost",
            "email": "Brice_Littel72@yahoo.com",
            "password": "OQwxWzbVV00SDLj",
            "administrador": "true",
            "_id": "7TAO9wsNW3yIsfPu"
        },
        {
            "nome": "Maria Testadora",
            "email": "maria.testadora@example.com",
            "password": "123456",
            "administrador": "true",
            "_id": "7xFT0z3WMhSPwbfN"
        },
        {
            "nome": "cmja da Silva",
            "email": "cmja@teste.com",
            "password": "123456",
            "administrador": "true",
            "_id": "8KcrPlvR4y0U8RfN"
        },
        {
            "nome": "Fulano da Silva5",
            "email": "beltrano100162@qa.com.br",
            "password": "teste",
            "administrador": "true",
            "_id": "8inkITdi0SKnMdOQ"
        },
        {
            "nome": "pong da Silva",
            "email": "pong@teste.com",
            "password": "123456",
            "administrador": "true",
            "_id": "8ulHpo4cnIcGPjjJ"
        },
        {
            "nome": "Teste Auth User 1749781984247",
            "email": "testauth1749781984247@teste.com",
            "password": "teste123",
            "administrador": "false",
            "_id": "9MhsU70MCNfocAdM"
        },
        {
            "nome": "Fulano da Silva6",
            "email": "beltrano100157@qa.com.br",
            "password": "teste",
            "administrador": "true",
            "_id": "9aKDYe9v54O8NYuL"
        },
        {
            "nome": "Fulano da Silva5",
            "email": "beltrano100154@qa.com.br",
            "password": "teste",
            "administrador": "true",
            "_id": "9fqRS8W65VeftkyM"
        },
        {
            "nome": "Richard Stokes",
            "email": "Paris_Kuphal@gmail.com",
            "password": "UqNSUUnLBLluoXe",
            "administrador": "false",
            "_id": "9jdEB2myqMbw6ZdV"
        },
        {
            "nome": "Miss Andrea Glover Sr.",
            "email": "Lowell98@hotmail.com",
            "password": "6RF8gWjUtEGFSAn",
            "administrador": "false",
            "_id": "9mLKSlGua0dB9lC8"
        },
        {
            "nome": "Fulano da Silva5",
            "email": "beltrano100103@qa.com.br",
            "password": "teste",
            "administrador": "true",
            "_id": "BD03omVeYFB2Gv06"
        },
        {
            "nome": "Lucia Lueilwitz",
            "email": "Eulah.Schuster@yahoo.com",
            "password": "PHYLl_Ve2WmAICo",
            "administrador": "false",
            "_id": "CDh6fRX3jQIvBdPy"
        },
        {
            "nome": "Fulano da Silva5",
            "email": "beltrano100152@qa.com.br",
            "password": "teste",
            "administrador": "true",
            "_id": "CFEqhhttYnF3BgFk"
        },
        {
            "nome": "Cary",
            "email": "elnorawalter@qa.com.br",
            "password": "Reu5ZhDQyE",
            "administrador": "true",
            "_id": "CPIyw3122EcU2aqq"
        },
        {
            "nome": "Lydia Marks",
            "email": "Karl.Becker@yahoo.com",
            "password": "123",
            "administrador": "true",
            "_id": "DAwoaWyg7TgPxTZi"
        },
        {
            "nome": "Fulano da Silva6",
            "email": "beltrano100102@qa.com.br",
            "password": "teste",
            "administrador": "true",
            "_id": "DQYWX1DjzBC3bsGM"
        },
        {
            "nome": "Dr. Maggie Oberbrunner",
            "email": "Matteo.Ondricka@gmail.com",
            "password": "HkedRRaoWiz4mal",
            "administrador": "false",
            "_id": "EZSMd3bOM4VjqeGz"
        },
        {
            "nome": "txco da Silva",
            "email": "txco@teste.com",
            "password": "123456",
            "administrador": "true",
            "_id": "GOXyVzx6zlEjVUwc"
        },
        {
            "nome": "Fulano da Silva6",
            "email": "beltrano100151@qa.com.br",
            "password": "teste",
            "administrador": "true",
            "_id": "HNiiZADW8stASrEI"
        },
        {
            "nome": "Wilbur Kreiger",
            "email": "Alan_OHara20@gmail.com",
            "password": "wUNOROd5SYDsUzh",
            "administrador": "false",
            "_id": "HpbPVKEyRkrGeU6Z"
        },
        {
            "nome": "Nina Bogisich",
            "email": "Katlyn98@gmail.com",
            "password": "p3wEwSbJAd96wX0",
            "administrador": "false",
            "_id": "Hq5vGXhax3Jj8jD1"
        },
        {
            "nome": "Fulano da Silva5",
            "email": "beltrano100124@qa.com.br",
            "password": "teste",
            "administrador": "true",
            "_id": "Hz6rwVU7EpF78yLu"
        },
        {
            "nome": "Emidio",
            "email": "emidi@mignozzetti.com",
            "password": "123456",
            "administrador": "true",
            "_id": "Ic4sJmEO9qmT2NiY"
        },
        {
            "nome": "Fulano da Silva6",
            "email": "beltrano100155@qa.com.br",
            "password": "teste",
            "administrador": "true",
            "_id": "J9bGqQZQrt2HsKas"
        },
        {
            "nome": "Fulano da Silva5",
            "email": "beltrano100100@qa.com.br",
            "password": "teste",
            "administrador": "true",
            "_id": "JH9ENdEYVM3DQmSH"
        },
        {
            "nome": "Joel VonRueden III",
            "email": "Jessica8@hotmail.com",
            "password": "BmXH5gk7HFu65s7",
            "administrador": "true",
            "_id": "JgqPY7XWv7uRCMz3"
        },
        {
            "nome": "Fulano da Silva6",
            "email": "beltrano10096@qa.com.br",
            "password": "teste",
            "administrador": "true",
            "_id": "JydX4Cbyy084D98L"
        },
        {
            "nome": "Fulano da Silva6",
            "email": "beltrano100119@qa.com.br",
            "password": "teste",
            "administrador": "true",
            "_id": "KEZIbc2WOBelffWU"
        },
        {
            "nome": "Fulano da Silva6",
            "email": "beltrano100127@qa.com.br",
            "password": "teste",
            "administrador": "true",
            "_id": "L6QUWkFhKrqJYMpM"
        },
        {
            "nome": "Maria QA",
            "email": "maria.qa@example.com",
            "password": "abc123",
            "administrador": "false",
            "_id": "LHotTEPoWDrYQq1o"
        },
        {
            "nome": "Fulano da Silva",
            "email": "fsilvas@qa.com.br",
            "password": "test",
            "administrador": "true",
            "_id": "MCfYOIdflK1rxKGp"
        },
        {
            "nome": "Emidio",
            "email": "emidiq@mignozzetti.com",
            "password": "123456",
            "administrador": "true",
            "_id": "MHQVX2wNMlEGbZRm"
        },
        {
            "nome": "Glenda Graham-McClure",
            "email": "Rolando.Bartell95@yahoo.com",
            "password": "sA6w_21ZvewzIKF",
            "administrador": "false",
            "_id": "MQghI43SV8f02gdq"
        },
        {
            "nome": "Fulano da Silva6",
            "email": "beltrano100116@qa.com.br",
            "password": "teste",
            "administrador": "true",
            "_id": "MdFZe7An16lE90Qi"
        },
        {
            "nome": "Fulano da Silva5",
            "email": "beltrano100115@qa.com.br",
            "password": "teste",
            "administrador": "true",
            "_id": "NUND8aAtpmEkDs6K"
        },
        {
            "nome": "Edgar Altenwerth",
            "email": "Piper_Monahan@hotmail.com",
            "password": "_GrmbPIMftJzjeC",
            "administrador": "false",
            "_id": "Nu5LulZYyHaa8oza"
        },
        {
            "nome": "Chad Corwin",
            "email": "Aracely.Tromp@hotmail.com",
            "password": "zDRblOkv8gH_se8",
            "administrador": "true",
            "_id": "OCXFd45AtzlXwZCt"
        },
        {
            "nome": "Fulano da Silva",
            "email": "fsilva@qa.com.br",
            "password": "test",
            "administrador": "true",
            "_id": "OT3bVDgipf1UGN5U"
        },
        {
            "nome": "Fulano da Silva",
            "email": "test2@qa.com.br",
            "password": "teste",
            "administrador": "true",
            "_id": "OhsqwSgM9ZAmqoyC"
        },
        {
            "nome": "Fulano da Silva5",
            "email": "beltrano100113@qa.com.br",
            "password": "teste",
            "administrador": "true",
            "_id": "PB6nkQd31GFIfUXl"
        },
        {
            "nome": "Fulano da Silva5",
            "email": "beltrano100132@qa.com.br",
            "password": "teste",
            "administrador": "true",
            "_id": "PqrnN9FNitLpWfMu"
        },
        {
            "nome": "Sylvester Fisher-Cormier",
            "email": "Annabel65@hotmail.com",
            "password": "MIThvpvVRsOBOVX",
            "administrador": "false",
            "_id": "QfZSNRFCbnQmaxyf"
        },
        {
            "nome": "Fulano da Silva",
            "email": "fulano@qa.com",
            "password": "teste",
            "administrador": "true",
            "_id": "QkQo1N6uxpeqeq9J"
        },
        {
            "nome": "Juan Tester",
            "email": "juan.tester1@example.com",
            "password": "123456",
            "administrador": "true",
            "_id": "QlLjD27xt2gn4rad"
        },
        {
            "nome": "Fulano da Silva6",
            "email": "beltrano100174@qa.com.br",
            "password": "teste",
            "administrador": "true",
            "_id": "REkVfZwokU783ps4"
        },
        {
            "nome": "Fulano da Silva5",
            "email": "beltrano100156@qa.com.br",
            "password": "teste",
            "administrador": "true",
            "_id": "RPN9xsx0aFiXZRj1"
        },
        {
            "nome": "Ralph Witting-Ortiz",
            "email": "Ena5@gmail.com",
            "password": "tdElkxAoADdT5eo",
            "administrador": "false",
            "_id": "RWUYTI8JJlX9ui1k"
        },
        {
            "nome": "Fulano da Silva5",
            "email": "beltrano100120@qa.com.br",
            "password": "teste",
            "administrador": "true",
            "_id": "RY6NWlEHNSQpwJA9"
        },
        {
            "nome": "Fulano da Silva",
            "email": "tocha03@hotmail.com",
            "password": "1234",
            "administrador": "true",
            "_id": "RbQUWerDxEQJQSL2"
        },
        {
            "nome": "Fulano da Silva6",
            "email": "beltrano100165@qa.com.br",
            "password": "teste",
            "administrador": "true",
            "_id": "RiiTbX5Cm3pAZGDQ"
        },
        {
            "nome": "Hannah Kemmer",
            "email": "Reese.Huel58@yahoo.com",
            "password": "E0fva0RzAes7RX1",
            "administrador": "false",
            "_id": "RoFFas8YVhp3J3Ru"
        },
        {
            "nome": "Fulano da Silva6",
            "email": "beltrano100137@qa.com.br",
            "password": "teste",
            "administrador": "true",
            "_id": "SLtN1tzlRcSEfHRC"
        },
        {
            "nome": "Emidio",
            "email": "emidioa@mignozzetti.com",
            "password": "123456",
            "administrador": "true",
            "_id": "TU7QHeJRvFk2txDC"
        },
        {
            "nome": "Juan Tester",
            "email": "user_c2628628-7350-44d8-a876-bc5ea2754b82@example.com",
            "password": "123456",
            "administrador": "true",
            "_id": "Ts8g9MRwFeq2SSG5"
        },
        {
            "nome": "Gerard Zulauf IV",
            "email": "Magnolia_Medhurst@gmail.com",
            "password": "Bb95jW8DH9ZQ77U",
            "administrador": "true",
            "_id": "UZ7VCmWS5OoR9Ebr"
        },
        {
            "nome": "Dora Lubowitz-Sawayn",
            "email": "Tommie.Cartwright10@yahoo.com",
            "password": "jwqzpFu3u3XOx5t",
            "administrador": "true",
            "_id": "VQDF04vW6BNdE5F4"
        },
        {
            "nome": "Fulano da Silva6",
            "email": "beltrano100138@qa.com.br",
            "password": "teste",
            "administrador": "true",
            "_id": "Vc2XRCsf4iHHku1t"
        },
        {
            "nome": "Fulano da Silva5",
            "email": "beltrano100150@qa.com.br",
            "password": "teste",
            "administrador": "true",
            "_id": "Vex90RomrIrGCB2u"
        },
        {
            "nome": "Fulano da Silva6",
            "email": "beltrano10097@qa.com.br",
            "password": "teste",
            "administrador": "true",
            "_id": "WFQspGE5JxA7yTVn"
        },
        {
            "nome": "Fulano da Silva5",
            "email": "beltrano100126@qa.com.br",
            "password": "teste",
            "administrador": "true",
            "_id": "WVN3rBOpzHgk65d5"
        },
        {
            "nome": "Mrs. Nora Willms",
            "email": "Alene.Haley70@yahoo.com",
            "password": "HndJ9ZCUNP4xtTn",
            "administrador": "true",
            "_id": "WqOLrZ5emotXYW7N"
        },
        {
            "nome": "Fulano da Silva6",
            "email": "beltrano100121@qa.com.br",
            "password": "teste",
            "administrador": "true",
            "_id": "X7umuY5NG8o6KSqy"
        },
        {
            "nome": "Fulano da Silva5",
            "email": "beltrano100158@qa.com.br",
            "password": "teste",
            "administrador": "true",
            "_id": "XrtFEtQE5BE0vAAX"
        },
        {
            "nome": "Fulano da Silva5",
            "email": "beltrano100175@qa.com.br",
            "password": "teste",
            "administrador": "true",
            "_id": "Yr6CcasoPkTRvZ1X"
        },
        {
            "nome": "Fulano da Silva6",
            "email": "beltrano100161@qa.com.br",
            "password": "teste",
            "administrador": "true",
            "_id": "ZDAxoy4CYOHet8yH"
        },
        {
            "nome": "nrlr da Silva",
            "email": "nrlr@teste.com",
            "password": "123456",
            "administrador": "true",
            "_id": "ZXct7H3oZOzZspmx"
        },
        {
            "nome": "Fulano da Silva5",
            "email": "beltrano100111@qa.com.br",
            "password": "teste",
            "administrador": "true",
            "_id": "Ztbh6tOuKK9L7INV"
        },
        {
            "nome": "Fulano da Silva5",
            "email": "beltrano100122@qa.com.br",
            "password": "teste",
            "administrador": "true",
            "_id": "ZumzgBnxXd9ybBBK"
        },
        {
            "nome": "User_Dinamico_1749781982206_5fsp16xv",
            "email": "user.dinamico.1749781982206_5fsp16xv@exemplo.com",
            "password": "UserDin5fsp16xv2206!",
            "administrador": "false",
            "_id": "ZxESUNGzlMGble0X"
        },
        {
            "nome": "Juan Tester",
            "email": "user_c03036a0-1c24-4e6b-af2a-b8867265f72e@example.com",
            "password": "123456",
            "administrador": "true",
            "_id": "aAoNrFDGSzwFTuxD"
        },
        {
            "nome": "lala da Silva",
            "email": "lala@teste.com",
            "password": "123456",
            "administrador": "true",
            "_id": "aFYG8DR7nilKrTyU"
        },
        {
            "nome": "Erick Stokes",
            "email": "Nadia.Ratke92@yahoo.com",
            "password": "Ycfvqtvxt3qZQpU",
            "administrador": "false",
            "_id": "aM0cUy5zETbLv1Db"
        },
        {
            "nome": "Fulano da Silva6",
            "email": "beltrano100143@qa.com.br",
            "password": "teste",
            "administrador": "true",
            "_id": "abM8pds2XBI1xNh8"
        },
        {
            "nome": "Genevieve Stroman",
            "email": "Glenda.Thompson27@hotmail.com",
            "password": "nddgyUceaKkVy5o",
            "administrador": "false",
            "_id": "aoCB63KqJLKyLW55"
        },
        {
            "nome": "Fulano da Silva5",
            "email": "beltrano100128@qa.com.br",
            "password": "teste",
            "administrador": "true",
            "_id": "av5EbdBqWNaYsGzB"
        },
        {
            "nome": "Fulano da Silva6",
            "email": "beltrano100123@qa.com.br",
            "password": "teste",
            "administrador": "true",
            "_id": "bSbVgaoSPrZybhfX"
        },
        {
            "nome": "Fulano da Silva6",
            "email": "beltrano100101@qa.com.br",
            "password": "teste",
            "administrador": "true",
            "_id": "bWrKbwVzb6gKkF3V"
        },
        {
            "nome": "Woodrow Conn",
            "email": "Maudie.Langosh@yahoo.com",
            "password": "zWGRLfX1oRxAVJz",
            "administrador": "true",
            "_id": "bZTWrneYbHHcPUyy"
        },
        {
            "nome": "Julio Doyle",
            "email": "Lavinia_Ryan64@yahoo.com",
            "password": "CwNUNL4vyUXiaKt",
            "administrador": "false",
            "_id": "baK9hHFLtcbs4Vp7"
        },
        {
            "nome": "Mr. Ken Schimmel",
            "email": "Meda50@gmail.com",
            "password": "Mk27i1DyOF_juE5",
            "administrador": "true",
            "_id": "cpdxpkdWbLqrdWCI"
        },
        {
            "nome": "Emidio",
            "email": "emidai@mignozzetti.com",
            "password": "123456",
            "administrador": "true",
            "_id": "dP5kj2SuNrLLluph"
        },
        {
            "nome": "Fulano da Silva",
            "email": "tocha02@hotmail.com",
            "password": "1234",
            "administrador": "true",
            "_id": "dm9U5sgQKNMuqx02"
        },
        {
            "nome": "Fulano da Silva",
            "email": "beltrano@qa.com.br",
            "password": "teste",
            "administrador": "true",
            "_id": "drRdHp1TAOBp0WI1"
        },
        {
            "nome": "Fulano da Silva5",
            "email": "beltrano100134@qa.com.br",
            "password": "teste",
            "administrador": "true",
            "_id": "edEB0AKbw3mXD4X3"
        },
        {
            "nome": "Fulano da Silva6",
            "email": "beltrano100110@qa.com.br",
            "password": "teste",
            "administrador": "true",
            "_id": "ew3L8ydWyojRyfeq"
        },
        {
            "nome": "Fulano da Silva5",
            "email": "beltrano100107@qa.com.br",
            "password": "teste",
            "administrador": "true",
            "_id": "fGRf0zme3WK2MEA4"
        },
        {
            "nome": "Arthur Kreiger",
            "email": "Elsa_Von0@hotmail.com",
            "password": "oIkQfMSEvLv8so_",
            "administrador": "false",
            "_id": "fcAUh6FWkPEE8vKQ"
        },
        {
            "nome": "Emidio",
            "email": "emidio@mignozzetti.com",
            "password": "123456",
            "administrador": "true",
            "_id": "foUoRAeSWZYTEw3D"
        },
        {
            "nome": "Kelly Rowe-Mante III",
            "email": "Maverick.Berge50@hotmail.com",
            "password": "34GVDUIn2zqEkDk",
            "administrador": "false",
            "_id": "fqh3bhDGX3XHpJlm"
        },
        {
            "nome": "Fulano da Silva",
            "email": "test@qa.com.br",
            "password": "teste",
            "administrador": "true",
            "_id": "fu7i094NaLEM0EdW"
        },
        {
            "nome": "Fulano da Silva6",
            "email": "beltrano100141@qa.com.br",
            "password": "teste",
            "administrador": "true",
            "_id": "gGxckIlCnBRaWHCk"
        },
        {
            "nome": "Fulano da Silva5",
            "email": "beltrano100109@qa.com.br",
            "password": "teste",
            "administrador": "true",
            "_id": "gX3AHABNpmPwWw35"
        },
        {
            "nome": "LumeTest",
            "email": "testelume123@qa.com.br",
            "password": "teste123",
            "administrador": "true",
            "_id": "gcFge34QDjbEPthe"
        },
        {
            "nome": "Admin_Dinamico_1749781981514_2umokwnv",
            "email": "admin.dinamico.1749781981514_2umokwnv@exemplo.com",
            "password": "AdminDin2umokwnv1514!",
            "administrador": "true",
            "_id": "gi9qQhUubiOqPNah"
        },
        {
            "nome": "Fulano da Silva5",
            "email": "beltrano100117@qa.com.br",
            "password": "teste",
            "administrador": "true",
            "_id": "hfg8VFmX0kWW8rFt"
        },
        {
            "nome": "Vernon Rau",
            "email": "Abbie_Stanton@hotmail.com",
            "password": "cM3B_U7Gmj_sIF0",
            "administrador": "false",
            "_id": "hrzEkPTHtI9IAS0S"
        },
        {
            "nome": "Emidio",
            "email": "emid@mignozzetti.com",
            "password": "123456",
            "administrador": "true",
            "_id": "iD17p9VWWbcNV8Uk"
        },
        {
            "nome": "Admin QA Dynamic",
            "email": "admin_4pn47d5rrnl@qa.com",
            "password": "admin123_k74eomcpqus",
            "administrador": "true",
            "_id": "itKqxi47VodPOeVI"
        },
        {
            "nome": "Fulano da Silva6",
            "email": "beltrano100131@qa.com.br",
            "password": "teste",
            "administrador": "true",
            "_id": "j01JWoHP9LIOS3aN"
        },
        {
            "nome": "Tyrone Beatty III",
            "email": "Joannie70@yahoo.com",
            "password": "SYVipwsAxlYoT_g",
            "administrador": "true",
            "_id": "j98ie70i47g55gCG"
        },
        {
            "nome": "Adrienne Crona",
            "email": "Assunta81@yahoo.com",
            "password": "So75H3bx94t__ID",
            "administrador": "true",
            "_id": "j9hpY48yG2tViiG9"
        },
        {
            "nome": "Fulano da Silva6",
            "email": "beltrano100140@qa.com.br",
            "password": "teste",
            "administrador": "true",
            "_id": "jBJLTBDf24cxX1Ch"
        },
        {
            "nome": " mnqg da Silva",
            "email": "matheus@teste.com",
            "password": "123456",
            "administrador": "true",
            "_id": "l5j6VcY6i1sqMhFR"
        },
        {
            "nome": "Fulano da Silva5",
            "email": "beltrano100136@qa.com.br",
            "password": "teste",
            "administrador": "true",
            "_id": "lHq7DQDtFB1Be68M"
        },
        {
            "nome": "Cecil Stokes",
            "email": "Verda_Sporer@hotmail.com",
            "password": "0KUSsskoSNSsNA7",
            "administrador": "true",
            "_id": "lo9Xe7kmgWm5I93x"
        },
        {
            "nome": "jwqr da Silva",
            "email": "jwqr@teste.com",
            "password": "123456",
            "administrador": "true",
            "_id": "lzLwt5F2h6PhbjIC"
        },
        {
            "nome": "Fulano da Silva",
            "email": "tocha01@hotmail.com",
            "password": "1234",
            "administrador": "true",
            "_id": "mLC0n5ZuqIeNZyhx"
        },
        {
            "nome": "Ms. Cora Koepp PhD",
            "email": "Rudolph68@gmail.com",
            "password": "NSMgKnyxWTp7dA6",
            "administrador": "false",
            "_id": "mtzFlIkJR6GNHJe1"
        },
        {
            "nome": "User QA Dynamic",
            "email": "user_y9m02siyfnk@qa.com",
            "password": "user123_ckvlm381b5s",
            "administrador": "false",
            "_id": "nJ1BRRPjFia9aliw"
        },
        {
            "nome": "jxti da Silva",
            "email": "jxti@teste.com",
            "password": "123456",
            "administrador": "true",
            "_id": "nxsfNLjHXu6pR2K7"
        },
        {
            "nome": "Fulano da Silva5",
            "email": "beltrano100139@qa.com.br",
            "password": "teste",
            "administrador": "true",
            "_id": "oYlZp7S7TYYCGSBI"
        },
        {
            "nome": "Earnest Parker",
            "email": "Ed_Reichert@gmail.com",
            "password": "t8AOY3fCHeSreEX",
            "administrador": "false",
            "_id": "ogM3foYQCt9kTFl8"
        },
        {
            "nome": "unxy da Silva",
            "email": "unxy@teste.com",
            "password": "123456",
            "administrador": "true",
            "_id": "p5SpZAee3ZPi5n4s"
        },
        {
            "nome": "Teste Auth User 1749781984930",
            "email": "testauth1749781984930@teste.com",
            "password": "teste123",
            "administrador": "false",
            "_id": "ph4sPxcDjO19poG4"
        },
        {
            "nome": "Erica Test",
            "email": "ericatest@qa.com.br",
            "password": "teste",
            "administrador": "true",
            "_id": "poxEVYbSzahe7QoX"
        },
        {
            "nome": "Fulano da Silva6",
            "email": "beltrano100104@qa.com.br",
            "password": "teste",
            "administrador": "true",
            "_id": "pqOunQGYZF1e9N0y"
        },
        {
            "nome": "Vanessa Breitenberg",
            "email": "Jan.Murray@hotmail.com",
            "password": "S6kacYwSg0gdhJz",
            "administrador": "false",
            "_id": "q0igwxEGZFPJoAjN"
        },
        {
            "nome": "Levi Nitzsche",
            "email": "Kieran_Fritsch@hotmail.com",
            "password": "wEQ_M4u24P2JGQL",
            "administrador": "true",
            "_id": "qeqtVv2nd0cIEr0E"
        },
        {
            "nome": "Fulano da Silva6",
            "email": "beltrano100125@qa.com.br",
            "password": "teste",
            "administrador": "true",
            "_id": "qmhf7DXhiZ4DWOFm"
        },
        {
            "nome": "Alejandro Cartwright-Gorczany",
            "email": "Brigitte_Johnson@gmail.com",
            "password": "lu6i1zelo4ArmFl",
            "administrador": "false",
            "_id": "qyskX5DbaRqqRmfD"
        },
        {
            "nome": "Gordon Mueller",
            "email": "Devyn30@yahoo.com",
            "password": "icKvinLW0t6Dt0v",
            "administrador": "false",
            "_id": "rec8243Ed6AQRKUA"
        },
        {
            "nome": "Tracey Feest",
            "email": "Daryl_Romaguera@gmail.com",
            "password": "dm2ixdoSY5cBepQ",
            "administrador": "false",
            "_id": "rhAqu1VlLTxm47D0"
        },
        {
            "nome": "Fulano da Silva6",
            "email": "beltrano100114@qa.com.br",
            "password": "teste",
            "administrador": "true",
            "_id": "rjTm2swCerWU4DBy"
        },
        {
            "nome": "Fulano da Silva6",
            "email": "beltrano100153@qa.com.br",
            "password": "teste",
            "administrador": "true",
            "_id": "rkoxYrOV5VFhRtW1"
        },
        {
            "nome": "Fulano da Silva5",
            "email": "beltrano100164@qa.com.br",
            "password": "teste",
            "administrador": "true",
            "_id": "rtbryviCxvkIpBPl"
        },
        {
            "nome": "Fulano da Silva5",
            "email": "beltrano100142@qa.com.br",
            "password": "teste",
            "administrador": "true",
            "_id": "spLzyLrMKyviaZEZ"
        },
        {
            "nome": "yytd da Silva",
            "email": "yytd@teste.com",
            "password": "123456",
            "administrador": "true",
            "_id": "syqY78kAB0gfDL8K"
        },
        {
            "nome": "Korey",
            "email": "blairkoss@qa.com.br",
            "password": "skfoWsIC6e",
            "administrador": "true",
            "_id": "t90XteYw1knulL8X"
        },
        {
            "nome": "Fulano da Silva6",
            "email": "beltrano100133@qa.com.br",
            "password": "teste",
            "administrador": "true",
            "_id": "tD39T6rqo4gyE7l6"
        },
        {
            "nome": "Randall Bins",
            "email": "Oleta.Ferry40@yahoo.com",
            "password": "p2f0SdeECtFKX8z",
            "administrador": "true",
            "_id": "tig4CLzXoGox14ub"
        },
        {
            "nome": "Fulano da Silva6",
            "email": "beltrano10098@qa.com.br",
            "password": "teste",
            "administrador": "true",
            "_id": "uEK3XEwl6L85p49A"
        },
        {
            "nome": "Ricky Waelchi",
            "email": "Marilie.OKon@gmail.com",
            "password": "DXpFeHJeVDsXYMR",
            "administrador": "false",
            "_id": "uOVUmcOEPYcBrpa4"
        },
        {
            "nome": "Fulano da Silva6",
            "email": "beltrano100112@qa.com.br",
            "password": "teste",
            "administrador": "true",
            "_id": "vCtYsEwqRLYYsRaV"
        },
        {
            "nome": "Paul Trantow V",
            "email": "Donato27@gmail.com",
            "password": "UaHWlfKDIogLSTC",
            "administrador": "false",
            "_id": "vVp8K1pAtzNL2mPd"
        },
        {
            "nome": "Fulano da Silva6",
            "email": "beltrano100118@qa.com.br",
            "password": "teste",
            "administrador": "true",
            "_id": "vbJHONI9dXfVXv99"
        },
        {
            "nome": "Fulano da Silva5",
            "email": "beltrano100160@qa.com.br",
            "password": "teste",
            "administrador": "true",
            "_id": "vvBGA1WfBPQbZX3W"
        },
        {
            "nome": "User Number 8536",
            "email": "name.8536@qa.com",
            "password": "teste",
            "administrador": "true",
            "_id": "w7GxIZEK11BZr0my"
        },
        {
            "nome": "Benjamin Klein",
            "email": "Timmothy_Skiles@yahoo.com",
            "password": "YIZl59yi55DqNUs",
            "administrador": "false",
            "_id": "woczO7RseAywDTT7"
        },
        {
            "nome": "Fulano da Silva6",
            "email": "beltrano100145@qa.com.br",
            "password": "teste",
            "administrador": "true",
            "_id": "xKl3LzTFU8iGMudo"
        },
        {
            "nome": "Fulano da Silva",
            "email": "tocha@hotmail.com",
            "password": "1234",
            "administrador": "true",
            "_id": "xZglum8yIMOYmi01"
        },
        {
            "nome": "William Vandervort",
            "email": "Zoe77@gmail.com",
            "password": "lcMGEUJ1M_RDKjp",
            "administrador": "false",
            "_id": "yF1fuu79Gi2lhH21"
        },
        {
            "nome": "Fulano da Silva6",
            "email": "beltrano100159@qa.com.br",
            "password": "teste",
            "administrador": "true",
            "_id": "zQrie8W0PudEYPnw"
        }
    ]
}

23:25:30.859 [pool-2-thread-2] DEBUG com.intuit.karate - response time in milliseconds: 381
1 < 200
1 < Date: Fri, 13 Jun 2025 04:25:31 GMT
1 < Content-Type: application/json; charset=utf-8
1 < Transfer-Encoding: chunked
1 < Connection: keep-alive
1 < Cf-Ray: 94eed31119b5e1ca-MIA
1 < Report-To: {"group":"heroku-nel","max_age":3600,"endpoints":[{"url":"https://nel.heroku.com/reports?ts=1744327151&sid=e11707d5-02a7-43ef-b45e-2cf4d2036f7d&s=cfa1jKptHLGa80YpriQsS3RoLHhkcP3SD2InvJFkfDc%3D"}]}
1 < Reporting-Endpoints: heroku-nel=https://nel.heroku.com/reports?ts=1744327151&sid=e11707d5-02a7-43ef-b45e-2cf4d2036f7d&s=cfa1jKptHLGa80YpriQsS3RoLHhkcP3SD2InvJFkfDc%3D
1 < Nel: {"report_to":"heroku-nel","max_age":3600,"success_fraction":0.005,"failure_fraction":0.05,"response_headers":["Via"]}
1 < X-Powered-By: Express
1 < X-Ratelimit-Limit: 1000
1 < X-Ratelimit-Remaining: 997
1 < X-Ratelimit-Reset: 1744327165
1 < Vary: Origin, Accept-Encoding
1 < Access-Control-Allow-Credentials: true
1 < Cache-Control: max-age=43200
1 < Pragma: no-cache
1 < Expires: -1
1 < X-Content-Type-Options: nosniff
1 < Etag: W/"160d-1eMSsxeJRfnVLRBmYJSbCiJZ1qQ"
1 < Via: 1.1 vegur
1 < Age: 20917
1 < Cf-Cache-Status: HIT
1 < Server: cloudflare
1 < alt-svc: h3=":443"; ma=86400
1 < server-timing: cfL4;desc="?proto=TCP&rtt=893&min_rtt=757&rtt_var=290&sent=6&recv=7&lost=0&retrans=0&sent_bytes=3115&recv_bytes=766&delivery_rate=4925170&cwnd=252&unsent_bytes=0&cid=64efd646f58629dd&ts=184&x=0"
[
  {
    "id": 1,
    "name": "Leanne Graham",
    "username": "Bret",
    "email": "Sincere@april.biz",
    "address": {
      "street": "Kulas Light",
      "suite": "Apt. 556",
      "city": "Gwenborough",
      "zipcode": "92998-3874",
      "geo": {
        "lat": "-37.3159",
        "lng": "81.1496"
      }
    },
    "phone": "1-770-736-8031 x56442",
    "website": "hildegard.org",
    "company": {
      "name": "Romaguera-Crona",
      "catchPhrase": "Multi-layered client-server neural-net",
      "bs": "harness real-time e-markets"
    }
  },
  {
    "id": 2,
    "name": "Ervin Howell",
    "username": "Antonette",
    "email": "Shanna@melissa.tv",
    "address": {
      "street": "Victor Plains",
      "suite": "Suite 879",
      "city": "Wisokyburgh",
      "zipcode": "90566-7771",
      "geo": {
        "lat": "-43.9509",
        "lng": "-34.4618"
      }
    },
    "phone": "010-692-6593 x09125",
    "website": "anastasia.net",
    "company": {
      "name": "Deckow-Crist",
      "catchPhrase": "Proactive didactic contingency",
      "bs": "synergize scalable supply-chains"
    }
  },
  {
    "id": 3,
    "name": "Clementine Bauch",
    "username": "Samantha",
    "email": "Nathan@yesenia.net",
    "address": {
      "street": "Douglas Extension",
      "suite": "Suite 847",
      "city": "McKenziehaven",
      "zipcode": "59590-4157",
      "geo": {
        "lat": "-68.6102",
        "lng": "-47.0653"
      }
    },
    "phone": "1-463-123-4447",
    "website": "ramiro.info",
    "company": {
      "name": "Romaguera-Jacobson",
      "catchPhrase": "Face to face bifurcated interface",
      "bs": "e-enable strategic applications"
    }
  },
  {
    "id": 4,
    "name": "Patricia Lebsack",
    "username": "Karianne",
    "email": "Julianne.OConner@kory.org",
    "address": {
      "street": "Hoeger Mall",
      "suite": "Apt. 692",
      "city": "South Elvis",
      "zipcode": "53919-4257",
      "geo": {
        "lat": "29.4572",
        "lng": "-164.2990"
      }
    },
    "phone": "493-170-9623 x156",
    "website": "kale.biz",
    "company": {
      "name": "Robel-Corkery",
      "catchPhrase": "Multi-tiered zero tolerance productivity",
      "bs": "transition cutting-edge web services"
    }
  },
  {
    "id": 5,
    "name": "Chelsey Dietrich",
    "username": "Kamren",
    "email": "Lucio_Hettinger@annie.ca",
    "address": {
      "street": "Skiles Walks",
      "suite": "Suite 351",
      "city": "Roscoeview",
      "zipcode": "33263",
      "geo": {
        "lat": "-31.8129",
        "lng": "62.5342"
      }
    },
    "phone": "(254)954-1289",
    "website": "demarco.info",
    "company": {
      "name": "Keebler LLC",
      "catchPhrase": "User-centric fault-tolerant solution",
      "bs": "revolutionize end-to-end systems"
    }
  },
  {
    "id": 6,
    "name": "Mrs. Dennis Schulist",
    "username": "Leopoldo_Corkery",
    "email": "Karley_Dach@jasper.info",
    "address": {
      "street": "Norberto Crossing",
      "suite": "Apt. 950",
      "city": "South Christy",
      "zipcode": "23505-1337",
      "geo": {
        "lat": "-71.4197",
        "lng": "71.7478"
      }
    },
    "phone": "1-477-935-8478 x6430",
    "website": "ola.org",
    "company": {
      "name": "Considine-Lockman",
      "catchPhrase": "Synchronised bottom-line interface",
      "bs": "e-enable innovative applications"
    }
  },
  {
    "id": 7,
    "name": "Kurtis Weissnat",
    "username": "Elwyn.Skiles",
    "email": "Telly.Hoeger@billy.biz",
    "address": {
      "street": "Rex Trail",
      "suite": "Suite 280",
      "city": "Howemouth",
      "zipcode": "58804-1099",
      "geo": {
        "lat": "24.8918",
        "lng": "21.8984"
      }
    },
    "phone": "210.067.6132",
    "website": "elvis.io",
    "company": {
      "name": "Johns Group",
      "catchPhrase": "Configurable multimedia task-force",
      "bs": "generate enterprise e-tailers"
    }
  },
  {
    "id": 8,
    "name": "Nicholas Runolfsdottir V",
    "username": "Maxime_Nienow",
    "email": "Sherwood@rosamond.me",
    "address": {
      "street": "Ellsworth Summit",
      "suite": "Suite 729",
      "city": "Aliyaview",
      "zipcode": "45169",
      "geo": {
        "lat": "-14.3990",
        "lng": "-120.7677"
      }
    },
    "phone": "586.493.6943 x140",
    "website": "jacynthe.com",
    "company": {
      "name": "Abernathy Group",
      "catchPhrase": "Implemented secondary concept",
      "bs": "e-enable extensible e-tailers"
    }
  },
  {
    "id": 9,
    "name": "Glenna Reichert",
    "username": "Delphine",
    "email": "Chaim_McDermott@dana.io",
    "address": {
      "street": "Dayna Park",
      "suite": "Suite 449",
      "city": "Bartholomebury",
      "zipcode": "76495-3109",
      "geo": {
        "lat": "24.6463",
        "lng": "-168.8889"
      }
    },
    "phone": "(775)976-6794 x41206",
    "website": "conrad.com",
    "company": {
      "name": "Yost and Sons",
      "catchPhrase": "Switchable contextually-based project",
      "bs": "aggregate real-time technologies"
    }
  },
  {
    "id": 10,
    "name": "Clementina DuBuque",
    "username": "Moriah.Stanton",
    "email": "Rey.Padberg@karina.biz",
    "address": {
      "street": "Kattie Turnpike",
      "suite": "Suite 198",
      "city": "Lebsackbury",
      "zipcode": "31428-2261",
      "geo": {
        "lat": "-38.2386",
        "lng": "57.2232"
      }
    },
    "phone": "024-648-3804",
    "website": "ambrose.net",
    "company": {
      "name": "Hoeger LLC",
      "catchPhrase": "Centralized empowering task-force",
      "bs": "target end-to-end models"
    }
  }
]

23:25:30.872 [pool-2-thread-2] DEBUG com.intuit.karate - request:
2 > GET https://jsonplaceholder.typicode.com/users/1
2 > Host: jsonplaceholder.typicode.com
2 > Connection: Keep-Alive
2 > User-Agent: Apache-HttpClient/4.5.14 (Java/17.0.14)
2 > Accept-Encoding: gzip,deflate


23:25:30.888 [pool-2-thread-4] DEBUG com.intuit.karate - response time in milliseconds: 417
2 < 200
2 < access-control-allow-origin: *
2 < x-dns-prefetch-control: off
2 < x-frame-options: SAMEORIGIN
2 < strict-transport-security: max-age=15552000; includeSubDomains
2 < x-download-options: noopen
2 < x-content-type-options: nosniff
2 < x-xss-protection: 1; mode=block
2 < content-type: application/json; charset=utf-8
2 < x-cloud-trace-context: 8acbba1d0d351f9b2b39a0b453411369
2 < date: Fri, 13 Jun 2025 04:25:31 GMT
2 < server: Google Frontend
2 < Content-Length: 152
{
    "nome": "Fulano da Silva",
    "email": "ffsilvas@qa.com.br",
    "password": "test",
    "administrador": "true",
    "_id": "80DpTnJ7x0v0Ewri"
}

23:25:30.896 [pool-2-thread-1] DEBUG com.intuit.karate - response time in milliseconds: 418
1 < 200
1 < access-control-allow-origin: *
1 < x-dns-prefetch-control: off
1 < x-frame-options: SAMEORIGIN
1 < strict-transport-security: max-age=15552000; includeSubDomains
1 < x-download-options: noopen
1 < x-content-type-options: nosniff
1 < x-xss-protection: 1; mode=block
1 < content-type: application/json; charset=utf-8
1 < x-cloud-trace-context: df61435e4b816de754ccbb50df6d912d
1 < date: Fri, 13 Jun 2025 04:25:31 GMT
1 < server: Google Frontend
1 < Content-Length: 50
{
    "message": "Registro alterado com sucesso"
}

23:25:30.950 [pool-2-thread-5] DEBUG com.intuit.karate - response time in milliseconds: 440
1 < 201
1 < Date: Fri, 13 Jun 2025 04:25:31 GMT
1 < Content-Type: application/json; charset=utf-8
1 < Content-Length: 216
1 < Connection: keep-alive
1 < Access-Control-Allow-Credentials: true
1 < Access-Control-Expose-Headers: Location
1 < Cache-Control: no-cache
1 < Etag: W/"d8-pYV7+YuMGP2hxHPU9ARrf97ifDA"
1 < Expires: -1
1 < Location: https://jsonplaceholder.typicode.com/users/11
1 < Nel: {"report_to":"heroku-nel","response_headers":["Via"],"max_age":3600,"success_fraction":0.01,"failure_fraction":0.1}
1 < Pragma: no-cache
1 < Report-To: {"group":"heroku-nel","endpoints":[{"url":"https://nel.heroku.com/reports?s=57WT48Kb4TRSFTYBp1DMqNOdliS73KTG2ZZG4UZK2vU%3D\u0026sid=e11707d5-02a7-43ef-b45e-2cf4d2036f7d\u0026ts=1749788731"}],"max_age":3600}
1 < Reporting-Endpoints: heroku-nel="https://nel.heroku.com/reports?s=57WT48Kb4TRSFTYBp1DMqNOdliS73KTG2ZZG4UZK2vU%3D&sid=e11707d5-02a7-43ef-b45e-2cf4d2036f7d&ts=1749788731"
1 < Server: cloudflare
1 < Vary: Origin, X-HTTP-Method-Override, Accept-Encoding
1 < Via: 2.0 heroku-router
1 < X-Content-Type-Options: nosniff
1 < X-Powered-By: Express
1 < X-Ratelimit-Limit: 1000
1 < X-Ratelimit-Remaining: 999
1 < X-Ratelimit-Reset: 1749788761
1 < Cf-Cache-Status: DYNAMIC
1 < Server-Timing: cfCacheStatus;desc="DYNAMIC"
1 < CF-RAY: 94eed3112ece336e-MIA
1 < alt-svc: h3=":443"; ma=86400
{
  "name": "Test User",
  "username": "testuser",
  "email": "test@user.com",
  "address": {
    "street": "Has No Name",
    "suite": "Apt. 123",
    "city": "Electri",
    "zipcode": "54321-6789"
  },
  "id": 11
}

23:25:30.953 [pool-2-thread-5] INFO  com.intuit.karate - [print] created id is:  11 
23:25:31.157 [pool-2-thread-2] DEBUG com.intuit.karate - response time in milliseconds: 284
2 < 200
2 < Date: Fri, 13 Jun 2025 04:25:31 GMT
2 < Content-Type: application/json; charset=utf-8
2 < Transfer-Encoding: chunked
2 < Connection: keep-alive
2 < Access-Control-Allow-Credentials: true
2 < Cache-Control: max-age=43200
2 < Etag: W/"1fd-+2Y3G3w049iSZtw5t1mzSnunngE"
2 < Expires: -1
2 < Nel: {"report_to":"heroku-nel","response_headers":["Via"],"max_age":3600,"success_fraction":0.01,"failure_fraction":0.1}
2 < Pragma: no-cache
2 < Report-To: {"group":"heroku-nel","endpoints":[{"url":"https://nel.heroku.com/reports?s=R4wJpe8c588UrKZ1fRa%2BgZ%2BLjE9PSioEQbNHYa3wNbU%3D\u0026sid=e11707d5-02a7-43ef-b45e-2cf4d2036f7d\u0026ts=1749700055"}],"max_age":3600}
2 < Reporting-Endpoints: heroku-nel="https://nel.heroku.com/reports?s=R4wJpe8c588UrKZ1fRa%2BgZ%2BLjE9PSioEQbNHYa3wNbU%3D&sid=e11707d5-02a7-43ef-b45e-2cf4d2036f7d&ts=1749700055"
2 < Vary: Origin, Accept-Encoding
2 < Via: 2.0 heroku-router
2 < X-Content-Type-Options: nosniff
2 < X-Powered-By: Express
2 < X-Ratelimit-Limit: 1000
2 < X-Ratelimit-Remaining: 999
2 < X-Ratelimit-Reset: 1749700107
2 < Age: 22878
2 < Cf-Cache-Status: HIT
2 < Server: cloudflare
2 < Cf-Ray: 94eed312fb75df2e-MIA
2 < alt-svc: h3=":443"; ma=86400
2 < server-timing: cfL4;desc="?proto=TCP&rtt=11507&min_rtt=781&rtt_var=21746&sent=3&recv=6&lost=0&retrans=0&sent_bytes=219&recv_bytes=1023&delivery_rate=16721&cwnd=250&unsent_bytes=0&cid=b212cf0301961c32&ts=105&x=0"
{
  "id": 1,
  "name": "Leanne Graham",
  "username": "Bret",
  "email": "Sincere@april.biz",
  "address": {
    "street": "Kulas Light",
    "suite": "Apt. 556",
    "city": "Gwenborough",
    "zipcode": "92998-3874",
    "geo": {
      "lat": "-37.3159",
      "lng": "81.1496"
    }
  },
  "phone": "1-770-736-8031 x56442",
  "website": "hildegard.org",
  "company": {
    "name": "Romaguera-Crona",
    "catchPhrase": "Multi-layered client-server neural-net",
    "bs": "harness real-time e-markets"
  }
}

---------------------------------------------------------
feature: classpath:examples/users/Delete-user.feature
scenarios:  1 | passed:  1 | failed:  0 | time: 0.8138
---------------------------------------------------------

23:25:31.232 [pool-3-thread-1] INFO  com.intuit.karate.Suite - <<pass>> feature 1 of 6 (5 remaining) classpath:examples/users/Delete-user.feature
---------------------------------------------------------
feature: classpath:examples/users/Get-userID.feature
scenarios:  1 | passed:  1 | failed:  0 | time: 0.8145
---------------------------------------------------------

23:25:31.297 [pool-3-thread-1] INFO  com.intuit.karate.Suite - <<pass>> feature 2 of 6 (4 remaining) classpath:examples/users/Get-userID.feature
---------------------------------------------------------
feature: classpath:examples/users/Get-users.feature
scenarios:  1 | passed:  1 | failed:  0 | time: 1.0500
---------------------------------------------------------

23:25:31.338 [pool-3-thread-1] INFO  com.intuit.karate.Suite - <<pass>> feature 3 of 6 (3 remaining) classpath:examples/users/Get-users.feature
---------------------------------------------------------
feature: classpath:examples/users/Post-user.feature
scenarios:  2 | passed:  2 | failed:  0 | time: 2.0840
---------------------------------------------------------

23:25:31.480 [pool-3-thread-1] INFO  com.intuit.karate.Suite - <<pass>> feature 4 of 6 (2 remaining) classpath:examples/users/Post-user.feature
---------------------------------------------------------
feature: classpath:examples/users/Put-user.feature
scenarios:  1 | passed:  1 | failed:  0 | time: 0.4261
---------------------------------------------------------

23:25:31.544 [pool-3-thread-1] INFO  com.intuit.karate.Suite - <<pass>> feature 5 of 6 (1 remaining) classpath:examples/users/Put-user.feature
---------------------------------------------------------
feature: classpath:examples/users/users.feature
scenarios:  2 | passed:  2 | failed:  0 | time: 1.1372
---------------------------------------------------------

23:25:31.616 [pool-3-thread-1] INFO  com.intuit.karate.Suite - <<pass>> feature 6 of 6 (0 remaining) classpath:examples/users/users.feature
Karate version: 1.5.0
======================================================
elapsed:   4.38 | threads:    5 | thread time: 6.33 
features:     6 | skipped:    0 | efficiency: 0.29
scenarios:    8 | passed:     8 | failed: 0
======================================================

HTML report: (paste into browser to view) | Karate version: 1.5.0
file:///C:/Users/jchepepa/OneDrive%20-%20NTT%20DATA%20EMEAL/Documentos/PROYECTO%20PACIFICO/Karate/karate-proc/target/karate-reports/karate-summary.html
===================================================================

]]></system-out>
  </testcase>
</testsuite>